<?xml version="1.0" encoding="UTF-8"?>
<!-- Generated by org.testng.reporters.JUnitXMLReporter -->
<testsuite ignored="3" hostname="DESKTOP-91A7GFP" failures="1" tests="10" name="Surefire test" time="0.148" errors="0" timestamp="2025-02-21T15:02:56 IST">
  <testcase classname="com.groupTestng.NewTest" name="Test1" time="0.009"/>
  <testcase classname="com.groupTestng.NewTest" name="Test2" time="0.002"/>
  <testcase classname="com.groupTestng.NewTest" name="Test3" time="0.001"/>
  <testcase classname="com.groupTestng.TestDependencyGroups" name="Test1" time="0.001"/>
  <testcase classname="com.groupTestng.TestDependencyGroups" name="Test2" time="0.002"/>
  <testcase classname="com.groupTestng.TestDependencyGroups" name="Test3" time="0.002"/>
  <testcase classname="com.groupTestng.TestDependencyGroups" name="Test4" time="0.002"/>
  <testcase classname="com.groupTestng.TestGroupDependency" name="trackShipment" time="0.001">
    <failure type="java.lang.ArithmeticException" message="/ by zero">
      <![CDATA[java.lang.ArithmeticException: / by zero
at com.groupTestng.TestGroupDependency.trackShipment(TestGroupDependency.java:18)
at java.base/java.util.ArrayList.forEach(ArrayList.java:1597)
... Removed 30 stack frames]]>
    </failure>
  </testcase> <!-- trackShipment -->
  <testcase classname="com.groupTestng.TestDependencyGroups" name="Test0" time="0.001"/>
  <testcase classname="com.groupTestng.TestGroupDependency" name="cancelShipment" time="0.0">
    <skipped/>
  </testcase> <!-- cancelShipment -->
  <testcase classname="com.testng1.NewTest" name="Test1" time="0.0">
    <ignored/>
  </testcase> <!-- Test1 -->
  <testcase classname="com.testng1.NewTest" name="Test3" time="0.0">
    <ignored/>
  </testcase> <!-- Test3 -->
  <testcase classname="com.testng1.NewTest" name="Test2" time="0.0">
    <ignored/>
  </testcase> <!-- Test2 -->
</testsuite> <!-- Surefire test -->
