<?xml version="1.0" encoding="UTF-8"?>
<!-- Generated by org.testng.reporters.JUnitXMLReporter -->
<testsuite ignored="0" hostname="DESKTOP-91A7GFP" failures="0" tests="25" name="Test1" time="0.567" errors="0" timestamp="2025-03-03T19:42:18 IST">
  <testcase classname="com.groupTestng.ParallelTesting1" name="test5" time="0.063"/>
  <testcase classname="com.groupTestng.ParallelTesting" name="test0" time="0.06"/>
  <testcase classname="com.groupTestng.ParallelTesting1" name="test6" time="0.02"/>
  <testcase classname="com.groupTestng.ParallelTesting" name="test1" time="0.027"/>
  <testcase classname="com.groupTestng.ParallelTesting1" name="test7" time="0.015"/>
  <testcase classname="com.groupTestng.ParallelTesting1" name="test8" time="0.011"/>
  <testcase classname="com.groupTestng.ParallelTesting3" name="testA" time="0.01"/>
  <testcase classname="com.groupTestng.ParallelTesting" name="test12" time="0.026"/>
  <testcase classname="com.groupTestng.ParallelTesting" name="test2" time="0.005"/>
  <testcase classname="com.groupTestng.ParallelTesting" name="test3" time="0.006"/>
  <testcase classname="com.groupTestng.ParallelTesting" name="test4" time="0.004"/>
  <testcase classname="com.groupTestng.ParallelTesting" name="test9" time="0.008"/>
  <testcase classname="com.groupTestng.ParallelTesting4" name="test0" time="0.005"/>
  <testcase classname="com.groupTestng.ParallelTesting4" name="test1" time="0.01"/>
  <testcase classname="com.groupTestng.ParallelTesting4" name="test12" time="0.015"/>
  <testcase classname="com.groupTestng.ParallelTesting4" name="test2" time="0.009"/>
  <testcase classname="com.groupTestng.ParallelTesting3" name="testB" time="0.029"/>
  <testcase classname="com.groupTestng.ParallelTesting4" name="test3" time="0.005"/>
  <testcase classname="com.groupTestng.ParallelTesting4" name="test4" time="0.005"/>
  <testcase classname="com.groupTestng.ParallelTesting4" name="test9" time="0.005"/>
  <testcase classname="com.groupTestng.ParallelTesting3" name="testC" time="0.003"/>
  <testcase classname="com.groupTestng.ParallelTesting3" name="testD" time="0.002"/>
  <testcase classname="com.groupTestng.ParallelTesting3" name="testE" time="0.011"/>
  <testcase classname="com.groupTestng.ParallelTesting3" name="testF" time="0.005"/>
  <testcase classname="com.groupTestng.ParallelTesting3" name="testG" time="0.005"/>
</testsuite> <!-- Test1 -->
