<?xml version="1.0" encoding="UTF-8"?>
<!-- Generated by org.testng.reporters.JUnitXMLReporter -->
<testsuite ignored="0" hostname="DESKTOP-91A7GFP" failures="0" tests="11" name="Test2" time="0.162" errors="0" timestamp="2025-03-03T19:42:18 IST">
  <testcase classname="com.groupTestng.ParallelTesting4" name="test0" time="0.003"/>
  <testcase classname="com.groupTestng.ParallelTesting4" name="test1" time="0.003"/>
  <testcase classname="com.groupTestng.ParallelTesting1" name="test5" time="0.005"/>
  <testcase classname="com.groupTestng.ParallelTesting4" name="test12" time="0.008"/>
  <testcase classname="com.groupTestng.ParallelTesting1" name="test6" time="0.017"/>
  <testcase classname="com.groupTestng.ParallelTesting1" name="test7" time="0.007"/>
  <testcase classname="com.groupTestng.ParallelTesting1" name="test8" time="0.006"/>
  <testcase classname="com.groupTestng.ParallelTesting4" name="test2" time="0.004"/>
  <testcase classname="com.groupTestng.ParallelTesting4" name="test3" time="0.007"/>
  <testcase classname="com.groupTestng.ParallelTesting4" name="test4" time="0.011"/>
  <testcase classname="com.groupTestng.ParallelTesting4" name="test9" time="0.005"/>
</testsuite> <!-- Test2 -->
