<?xml version="1.0" encoding="UTF-8"?>
<!-- Generated by org.testng.reporters.JUnitXMLReporter -->
<testsuite ignored="0" hostname="DESKTOP-91A7GFP" failures="0" tests="11" name="Test3" time="0.187" errors="0" timestamp="2025-03-03T19:42:19 IST">
  <testcase classname="com.groupTestng.ParallelTesting3" name="testA" time="0.01"/>
  <testcase classname="com.groupTestng.ParallelTesting3" name="testB" time="0.009"/>
  <testcase classname="com.groupTestng.ParallelTesting3" name="testC" time="0.008"/>
  <testcase classname="com.groupTestng.ParallelTesting1" name="test5" time="0.036"/>
  <testcase classname="com.groupTestng.ParallelTesting1" name="test6" time="0.008"/>
  <testcase classname="com.groupTestng.ParallelTesting1" name="test7" time="0.007"/>
  <testcase classname="com.groupTestng.ParallelTesting1" name="test8" time="0.006"/>
  <testcase classname="com.groupTestng.ParallelTesting3" name="testD" time="0.046"/>
  <testcase classname="com.groupTestng.ParallelTesting3" name="testE" time="0.007"/>
  <testcase classname="com.groupTestng.ParallelTesting3" name="testF" time="0.008"/>
  <testcase classname="com.groupTestng.ParallelTesting3" name="testG" time="0.008"/>
</testsuite> <!-- Test3 -->
