<?xml version="1.0" encoding="UTF-8"?>
<testng-results ignored="0" total="10" passed="8" failed="1" skipped="1">
  <reporter-output>
  </reporter-output>
  <suite started-at="2025-02-21T15:02:56 IST" name="Surefire suite" finished-at="2025-02-21T15:02:56 IST" duration-ms="148">
    <groups>
      <group name="functional">
        <method signature="NewTest.Test1()[pri:0, instance:com.groupTestng.NewTest@659a969b]" name="Test1" class="com.groupTestng.NewTest"/>
        <method signature="NewTest.Test2()[pri:0, instance:com.groupTestng.NewTest@659a969b]" name="Test2" class="com.groupTestng.NewTest"/>
        <method signature="NewTest.Test3()[pri:0, instance:com.groupTestng.NewTest@659a969b]" name="Test3" class="com.groupTestng.NewTest"/>
      </group> <!-- functional -->
      <group name="regression">
        <method signature="NewTest.Test3()[pri:0, instance:com.groupTestng.NewTest@659a969b]" name="Test3" class="com.groupTestng.NewTest"/>
        <method signature="TestDependencyGroups.Test4()[pri:0, instance:com.groupTestng.TestDependencyGroups@6f96c77]" name="Test4" class="com.groupTestng.TestDependencyGroups"/>
      </group> <!-- regression -->
      <group name="smoke">
        <method signature="NewTest.Test1()[pri:0, instance:com.groupTestng.NewTest@659a969b]" name="Test1" class="com.groupTestng.NewTest"/>
        <method signature="NewTest.Test2()[pri:0, instance:com.groupTestng.NewTest@659a969b]" name="Test2" class="com.groupTestng.NewTest"/>
        <method signature="TestDependencyGroups.Test1()[pri:0, instance:com.groupTestng.TestDependencyGroups@6f96c77]" name="Test1" class="com.groupTestng.TestDependencyGroups"/>
        <method signature="TestDependencyGroups.Test2()[pri:0, instance:com.groupTestng.TestDependencyGroups@6f96c77]" name="Test2" class="com.groupTestng.TestDependencyGroups"/>
      </group> <!-- smoke -->
      <group name="sanity">
        <method signature="NewTest.Test1()[pri:0, instance:com.groupTestng.NewTest@659a969b]" name="Test1" class="com.groupTestng.NewTest"/>
        <method signature="TestDependencyGroups.Test3()[pri:0, instance:com.groupTestng.TestDependencyGroups@6f96c77]" name="Test3" class="com.groupTestng.TestDependencyGroups"/>
      </group> <!-- sanity -->
    </groups>
    <test started-at="2025-02-21T15:02:56 IST" name="Surefire test" finished-at="2025-02-21T15:02:56 IST" duration-ms="148">
      <class name="com.groupTestng.TestDependencyGroups">
        <test-method signature="Test1()[pri:0, instance:com.groupTestng.TestDependencyGroups@6f96c77]" started-at="2025-02-21T15:02:56 IST" name="Test1" finished-at="2025-02-21T15:02:56 IST" duration-ms="1" status="PASS">
          <reporter-output>
          </reporter-output>
        </test-method> <!-- Test1 -->
        <test-method signature="Test2()[pri:0, instance:com.groupTestng.TestDependencyGroups@6f96c77]" started-at="2025-02-21T15:02:56 IST" name="Test2" finished-at="2025-02-21T15:02:56 IST" duration-ms="2" status="PASS">
          <reporter-output>
          </reporter-output>
        </test-method> <!-- Test2 -->
        <test-method signature="Test3()[pri:0, instance:com.groupTestng.TestDependencyGroups@6f96c77]" started-at="2025-02-21T15:02:56 IST" name="Test3" finished-at="2025-02-21T15:02:56 IST" duration-ms="2" status="PASS">
          <reporter-output>
          </reporter-output>
        </test-method> <!-- Test3 -->
        <test-method signature="Test4()[pri:0, instance:com.groupTestng.TestDependencyGroups@6f96c77]" started-at="2025-02-21T15:02:56 IST" name="Test4" finished-at="2025-02-21T15:02:56 IST" duration-ms="2" status="PASS">
          <reporter-output>
          </reporter-output>
        </test-method> <!-- Test4 -->
        <test-method signature="Test0()[pri:0, instance:com.groupTestng.TestDependencyGroups@6f96c77]" started-at="2025-02-21T15:02:56 IST" name="Test0" depends-on-groups="regression, smoke, sanity" finished-at="2025-02-21T15:02:56 IST" duration-ms="1" status="PASS">
          <reporter-output>
          </reporter-output>
        </test-method> <!-- Test0 -->
      </class> <!-- com.groupTestng.TestDependencyGroups -->
      <class name="com.groupTestng.NewTest">
        <test-method signature="Test1()[pri:0, instance:com.groupTestng.NewTest@659a969b]" started-at="2025-02-21T15:02:56 IST" name="Test1" finished-at="2025-02-21T15:02:56 IST" duration-ms="9" status="PASS">
          <reporter-output>
          </reporter-output>
        </test-method> <!-- Test1 -->
        <test-method signature="Test2()[pri:0, instance:com.groupTestng.NewTest@659a969b]" started-at="2025-02-21T15:02:56 IST" name="Test2" finished-at="2025-02-21T15:02:56 IST" duration-ms="2" status="PASS">
          <reporter-output>
          </reporter-output>
        </test-method> <!-- Test2 -->
        <test-method signature="Test3()[pri:0, instance:com.groupTestng.NewTest@659a969b]" started-at="2025-02-21T15:02:56 IST" name="Test3" finished-at="2025-02-21T15:02:56 IST" duration-ms="1" status="PASS">
          <reporter-output>
          </reporter-output>
        </test-method> <!-- Test3 -->
      </class> <!-- com.groupTestng.NewTest -->
      <class name="com.groupTestng.TestGroupDependency">
        <test-method signature="trackShipment()[pri:0, instance:com.groupTestng.TestGroupDependency@49d904ec]" started-at="2025-02-21T15:02:56 IST" name="trackShipment" finished-at="2025-02-21T15:02:56 IST" depends-on-methods="createShipment" duration-ms="1" status="FAIL">
          <exception class="java.lang.ArithmeticException">
            <message>
              <![CDATA[/ by zero]]>
            </message>
            <full-stacktrace>
              <![CDATA[java.lang.ArithmeticException: / by zero
at com.groupTestng.TestGroupDependency.trackShipment(TestGroupDependency.java:18)
at java.base/jdk.internal.reflect.DirectMethodHandleAccessor.invoke(DirectMethodHandleAccessor.java:103)
at java.base/java.lang.reflect.Method.invoke(Method.java:580)
at org.testng.internal.invokers.MethodInvocationHelper.invokeMethod(MethodInvocationHelper.java:141)
at org.testng.internal.invokers.TestInvoker.invokeMethod(TestInvoker.java:686)
at org.testng.internal.invokers.TestInvoker.invokeTestMethod(TestInvoker.java:230)
at org.testng.internal.invokers.MethodRunner.runInSequence(MethodRunner.java:63)
at org.testng.internal.invokers.TestInvoker$MethodInvocationAgent.invoke(TestInvoker.java:992)
at org.testng.internal.invokers.TestInvoker.invokeTestMethods(TestInvoker.java:203)
at org.testng.internal.invokers.TestMethodWorker.invokeTestMethods(TestMethodWorker.java:154)
at org.testng.internal.invokers.TestMethodWorker.run(TestMethodWorker.java:134)
at java.base/java.util.ArrayList.forEach(ArrayList.java:1597)
at org.testng.TestRunner.privateRun(TestRunner.java:739)
at org.testng.TestRunner.run(TestRunner.java:614)
at org.testng.SuiteRunner.runTest(SuiteRunner.java:421)
at org.testng.SuiteRunner.runSequentially(SuiteRunner.java:413)
at org.testng.SuiteRunner.privateRun(SuiteRunner.java:373)
at org.testng.SuiteRunner.run(SuiteRunner.java:312)
at org.testng.SuiteRunnerWorker.runSuite(SuiteRunnerWorker.java:52)
at org.testng.SuiteRunnerWorker.run(SuiteRunnerWorker.java:95)
at org.testng.TestNG.runSuitesSequentially(TestNG.java:1274)
at org.testng.TestNG.runSuitesLocally(TestNG.java:1208)
at org.testng.TestNG.runSuites(TestNG.java:1112)
at org.testng.TestNG.run(TestNG.java:1079)
at org.apache.maven.surefire.testng.TestNGExecutor.run(TestNGExecutor.java:155)
at org.apache.maven.surefire.testng.TestNGDirectoryTestSuite.executeMulti(TestNGDirectoryTestSuite.java:169)
at org.apache.maven.surefire.testng.TestNGDirectoryTestSuite.execute(TestNGDirectoryTestSuite.java:88)
at org.apache.maven.surefire.testng.TestNGProvider.invoke(TestNGProvider.java:137)
at org.apache.maven.surefire.booter.ForkedBooter.runSuitesInProcess(ForkedBooter.java:385)
at org.apache.maven.surefire.booter.ForkedBooter.execute(ForkedBooter.java:162)
at org.apache.maven.surefire.booter.ForkedBooter.run(ForkedBooter.java:507)
at org.apache.maven.surefire.booter.ForkedBooter.main(ForkedBooter.java:495)
]]>
            </full-stacktrace>
          </exception> <!-- java.lang.ArithmeticException -->
          <reporter-output>
          </reporter-output>
        </test-method> <!-- trackShipment -->
        <test-method signature="cancelShipment()[pri:0, instance:com.groupTestng.TestGroupDependency@49d904ec]" started-at="2025-02-21T15:02:56 IST" name="cancelShipment" finished-at="2025-02-21T15:02:56 IST" depends-on-methods="createShipment, com.groupTestng.TestGroupDependency.trackShipment" duration-ms="0" status="SKIP">
          <exception class="java.lang.Throwable">
            <message>
              <![CDATA[Method com.groupTestng.TestGroupDependency.cancelShipment() on instance com.groupTestng.TestGroupDependency@49d904ec depends on not successfully finished methods 
[com.groupTestng.TestGroupDependency.trackShipment() on instance com.groupTestng.TestGroupDependency@49d904ec]]]>
            </message>
            <full-stacktrace>
              <![CDATA[java.lang.Throwable: Method com.groupTestng.TestGroupDependency.cancelShipment() on instance com.groupTestng.TestGroupDependency@49d904ec depends on not successfully finished methods 
[com.groupTestng.TestGroupDependency.trackShipment() on instance com.groupTestng.TestGroupDependency@49d904ec]
at org.testng.internal.invokers.TestInvoker.invokeTestMethods(TestInvoker.java:159)
at org.testng.internal.invokers.TestMethodWorker.invokeTestMethods(TestMethodWorker.java:154)
at org.testng.internal.invokers.TestMethodWorker.run(TestMethodWorker.java:134)
at java.base/java.util.ArrayList.forEach(ArrayList.java:1597)
at org.testng.TestRunner.privateRun(TestRunner.java:739)
at org.testng.TestRunner.run(TestRunner.java:614)
at org.testng.SuiteRunner.runTest(SuiteRunner.java:421)
at org.testng.SuiteRunner.runSequentially(SuiteRunner.java:413)
at org.testng.SuiteRunner.privateRun(SuiteRunner.java:373)
at org.testng.SuiteRunner.run(SuiteRunner.java:312)
at org.testng.SuiteRunnerWorker.runSuite(SuiteRunnerWorker.java:52)
at org.testng.SuiteRunnerWorker.run(SuiteRunnerWorker.java:95)
at org.testng.TestNG.runSuitesSequentially(TestNG.java:1274)
at org.testng.TestNG.runSuitesLocally(TestNG.java:1208)
at org.testng.TestNG.runSuites(TestNG.java:1112)
at org.testng.TestNG.run(TestNG.java:1079)
at org.apache.maven.surefire.testng.TestNGExecutor.run(TestNGExecutor.java:155)
at org.apache.maven.surefire.testng.TestNGDirectoryTestSuite.executeMulti(TestNGDirectoryTestSuite.java:169)
at org.apache.maven.surefire.testng.TestNGDirectoryTestSuite.execute(TestNGDirectoryTestSuite.java:88)
at org.apache.maven.surefire.testng.TestNGProvider.invoke(TestNGProvider.java:137)
at org.apache.maven.surefire.booter.ForkedBooter.runSuitesInProcess(ForkedBooter.java:385)
at org.apache.maven.surefire.booter.ForkedBooter.execute(ForkedBooter.java:162)
at org.apache.maven.surefire.booter.ForkedBooter.run(ForkedBooter.java:507)
at org.apache.maven.surefire.booter.ForkedBooter.main(ForkedBooter.java:495)
]]>
            </full-stacktrace>
          </exception> <!-- java.lang.Throwable -->
          <reporter-output>
          </reporter-output>
        </test-method> <!-- cancelShipment -->
      </class> <!-- com.groupTestng.TestGroupDependency -->
    </test> <!-- Surefire test -->
  </suite> <!-- Surefire suite -->
</testng-results>
