<?xml version="1.0" encoding="UTF-8"?>
<testsuite xmlns:xsi="http://www.w3.org/2001/XMLSchema-instance" xsi:noNamespaceSchemaLocation="https://maven.apache.org/surefire/maven-surefire-plugin/xsd/surefire-test-report-3.0.xsd" version="3.0" name="TestSuite" time="0.97" tests="10" errors="0" skipped="1" failures="1">
  <properties>
[...]
</properties>
  <testcase name="Test1" classname="com.groupTestng.NewTest" time="0.01">
    <system-out><![CDATA[test1
]]></system-out>
    <system-err><![CDATA[SLF4J(W): No SLF4J providers were found.
SLF4J(W): Defaulting to no-operation (NOP) logger implementation
SLF4J(W): See https://www.slf4j.org/codes.html#noProviders for further details.
]]></system-err>
  </testcase>
  <testcase name="Test2" classname="com.groupTestng.NewTest" time="0.008">
    <system-out><![CDATA[test2
]]></system-out>
  </testcase>
  <testcase name="Test3" classname="com.groupTestng.NewTest" time="0.004">
    <system-out><![CDATA[test3
]]></system-out>
  </testcase>
  <testcase name="Test1" classname="com.groupTestng.TestDependencyGroups" time="0.006">
    <system-out><![CDATA[smoke
]]></system-out>
  </testcase>
  <testcase name="Test2" classname="com.groupTestng.TestDependencyGroups" time="0.002">
    <system-out><![CDATA[smoke
]]></system-out>
  </testcase>
  <testcase name="Test3" classname="com.groupTestng.TestDependencyGroups" time="0.003">
    <system-out><![CDATA[sanity
]]></system-out>
  </testcase>
  <testcase name="Test4" classname="com.groupTestng.TestDependencyGroups" time="0.002">
    <system-out><![CDATA[regression
]]></system-out>
  </testcase>
  <testcase name="Test0" classname="com.groupTestng.TestDependencyGroups" time="0.004">
    <system-out><![CDATA[main test
]]></system-out>
  </testcase>
  <testcase name="trackShipment" classname="com.groupTestng.TestGroupDependency" time="0.006">
    <failure message="/ by zero" type="java.lang.ArithmeticException"><![CDATA[java.lang.ArithmeticException: / by zero
	at com.groupTestng.TestGroupDependency.trackShipment(TestGroupDependency.java:18)
	at java.base/jdk.internal.reflect.DirectMethodHandleAccessor.invoke(DirectMethodHandleAccessor.java:103)
	at java.base/java.lang.reflect.Method.invoke(Method.java:580)
	at org.testng.internal.invokers.MethodInvocationHelper.invokeMethod(MethodInvocationHelper.java:141)
	at org.testng.internal.invokers.TestInvoker.invokeMethod(TestInvoker.java:686)
	at org.testng.internal.invokers.TestInvoker.invokeTestMethod(TestInvoker.java:230)
	at org.testng.internal.invokers.MethodRunner.runInSequence(MethodRunner.java:63)
	at org.testng.internal.invokers.TestInvoker$MethodInvocationAgent.invoke(TestInvoker.java:992)
	at org.testng.internal.invokers.TestInvoker.invokeTestMethods(TestInvoker.java:203)
	at org.testng.internal.invokers.TestMethodWorker.invokeTestMethods(TestMethodWorker.java:154)
	at org.testng.internal.invokers.TestMethodWorker.run(TestMethodWorker.java:134)
	at java.base/java.util.ArrayList.forEach(ArrayList.java:1597)
	at org.testng.TestRunner.privateRun(TestRunner.java:739)
	at org.testng.TestRunner.run(TestRunner.java:614)
	at org.testng.SuiteRunner.runTest(SuiteRunner.java:421)
	at org.testng.SuiteRunner.runSequentially(SuiteRunner.java:413)
	at org.testng.SuiteRunner.privateRun(SuiteRunner.java:373)
	at org.testng.SuiteRunner.run(SuiteRunner.java:312)
	at org.testng.SuiteRunnerWorker.runSuite(SuiteRunnerWorker.java:52)
	at org.testng.SuiteRunnerWorker.run(SuiteRunnerWorker.java:95)
	at org.testng.TestNG.runSuitesSequentially(TestNG.java:1274)
	at org.testng.TestNG.runSuitesLocally(TestNG.java:1208)
	at org.testng.TestNG.runSuites(TestNG.java:1112)
	at org.testng.TestNG.run(TestNG.java:1079)
	at org.apache.maven.surefire.testng.TestNGExecutor.run(TestNGExecutor.java:155)
	at org.apache.maven.surefire.testng.TestNGDirectoryTestSuite.executeMulti(TestNGDirectoryTestSuite.java:169)
	at org.apache.maven.surefire.testng.TestNGDirectoryTestSuite.execute(TestNGDirectoryTestSuite.java:88)
	at org.apache.maven.surefire.testng.TestNGProvider.invoke(TestNGProvider.java:137)
	at org.apache.maven.surefire.booter.ForkedBooter.runSuitesInProcess(ForkedBooter.java:385)
	at org.apache.maven.surefire.booter.ForkedBooter.execute(ForkedBooter.java:162)
	at org.apache.maven.surefire.booter.ForkedBooter.run(ForkedBooter.java:507)
	at org.apache.maven.surefire.booter.ForkedBooter.main(ForkedBooter.java:495)
]]></failure>
  </testcase>
  <testcase name="cancelShipment" classname="com.groupTestng.TestGroupDependency" time="0.0">
    <skipped message="Method com.groupTestng.TestGroupDependency.cancelShipment() on instance com.groupTestng.TestGroupDependency@49d904ec depends on not successfully finished methods &#10;[com.groupTestng.TestGroupDependency.trackShipment() on instance com.groupTestng.TestGroupDependency@49d904ec]"/>
  </testcase>
</testsuite>