<?xml version="1.0" encoding="UTF-8"?>
<testng-results ignored="0" total="1" passed="1" failed="0" skipped="0">
  <reporter-output>
  </reporter-output>
  <suite started-at="2025-07-04T13:54:58 IST" name="Suite" finished-at="2025-07-04T13:55:16 IST" duration-ms="17211">
    <groups>
    </groups>
    <test started-at="2025-07-04T13:54:58 IST" name="Test" finished-at="2025-07-04T13:55:16 IST" duration-ms="17211">
      <class name="com.testCases.TC001_LoginPage">
        <test-method is-config="true" signature="setUp(org.testng.ITestContext)[pri:0, instance:com.testCases.TC001_LoginPage@ed7f8b4]" started-at="2025-07-04T13:54:58 IST" name="setUp" finished-at="2025-07-04T13:55:07 IST" duration-ms="8862" status="PASS">
          <params>
            <param index="0">
              <value>
                <![CDATA[org.testng.TestRunner@2c715e84]]>
              </value>
            </param>
          </params>
          <reporter-output>
          </reporter-output>
        </test-method> <!-- setUp -->
        <test-method signature="loginTest(java.lang.String,java.lang.String)[pri:0, instance:com.testCases.TC001_LoginPage@ed7f8b4]" started-at="2025-07-04T13:55:07 IST" name="loginTest" finished-at="2025-07-04T13:55:12 IST" duration-ms="4567" status="PASS">
          <params>
            <param index="0">
              <value>
                <![CDATA[Admin]]>
              </value>
            </param>
            <param index="1">
              <value>
                <![CDATA[admin123]]>
              </value>
            </param>
          </params>
          <reporter-output>
          </reporter-output>
        </test-method> <!-- loginTest -->
        <test-method is-config="true" signature="tearDown()[pri:0, instance:com.testCases.TC001_LoginPage@ed7f8b4]" started-at="2025-07-04T13:55:12 IST" name="tearDown" finished-at="2025-07-04T13:55:16 IST" duration-ms="3668" status="PASS">
          <reporter-output>
          </reporter-output>
        </test-method> <!-- tearDown -->
      </class> <!-- com.testCases.TC001_LoginPage -->
    </test> <!-- Test -->
  </suite> <!-- Suite -->
</testng-results>
